<?xml version="1.0" encoding="UTF-8"?>
<testng-results ignored="0" total="1" passed="1" failed="0" skipped="0">
  <reporter-output>
  </reporter-output>
  <suite started-at="2024-03-06T17:47:34 EET" name="Default suite" finished-at="2024-03-06T17:47:37 EET" duration-ms="2704">
    <groups>
    </groups>
    <test started-at="2024-03-06T17:47:34 EET" name="Default test" finished-at="2024-03-06T17:47:37 EET" duration-ms="2704">
      <class name="JavaClassPackage.JavaClass">
        <test-method is-config="true" signature="myBeforTest()[pri:0, instance:JavaClassPackage.JavaClass@119f1f2a]" started-at="2024-03-06T17:47:34 EET" name="myBeforTest" finished-at="2024-03-06T17:47:34 EET" duration-ms="7" status="PASS">
          <reporter-output>
          </reporter-output>
        </test-method> <!-- myBeforTest -->
        <test-method signature="myfirstTest()[pri:0, instance:JavaClassPackage.JavaClass@119f1f2a]" started-at="2024-03-06T17:47:34 EET" name="myfirstTest" finished-at="2024-03-06T17:47:37 EET" duration-ms="2678" status="PASS">
          <reporter-output>
          </reporter-output>
        </test-method> <!-- myfirstTest -->
        <test-method is-config="true" signature="myfirstAfterTest()[pri:0, instance:JavaClassPackage.JavaClass@119f1f2a]" started-at="2024-03-06T17:47:37 EET" name="myfirstAfterTest" finished-at="2024-03-06T17:47:37 EET" duration-ms="0" status="PASS">
          <reporter-output>
          </reporter-output>
        </test-method> <!-- myfirstAfterTest -->
      </class> <!-- JavaClassPackage.JavaClass -->
    </test> <!-- Default test -->
  </suite> <!-- Default suite -->
</testng-results>
